<?xml version="1.0" encoding="UTF-8"?>
<coverage generated="1531336375492" clover="3.2.0">
  <project timestamp="1531336375492" name="All files">
    <metrics statements="19" coveredstatements="11" conditionals="8" coveredconditionals="2" methods="5" coveredmethods="4" elements="32" coveredelements="17" complexity="0" loc="19" ncloc="19" packages="1" files="2" classes="2">
      <file name="LinkedList.ts" path="F:\Pierdoły Jakuba\projects\data-structures\src\linked-list\LinkedList.ts">
        <metrics statements="15" coveredstatements="7" conditionals="6" coveredconditionals="0" methods="3" coveredmethods="2"/>
        <line num="8" count="1" type="stmt"/>
        <line num="9" count="1" type="stmt"/>
        <line num="13" count="0" type="cond" truecount="0" falsecount="4"/>
        <line num="14" count="0" type="stmt"/>
        <line num="15" count="0" type="stmt"/>
        <line num="17" count="0" type="stmt"/>
        <line num="18" count="0" type="stmt"/>
        <line num="20" count="0" type="stmt"/>
        <line num="24" count="1" type="stmt"/>
        <line num="25" count="1" type="stmt"/>
        <line num="26" count="1" type="stmt"/>
        <line num="27" count="0" type="cond" truecount="0" falsecount="2"/>
        <line num="28" count="0" type="stmt"/>
        <line num="30" count="1" type="stmt"/>
        <line num="35" count="1" type="stmt"/>
      </file>
      <file name="LinkedListNode.ts" path="F:\Pierdoły Jakuba\projects\data-structures\src\linked-list\LinkedListNode.ts">
        <metrics statements="4" coveredstatements="4" conditionals="2" coveredconditionals="2" methods="2" coveredmethods="2"/>
        <line num="5" count="5" type="stmt"/>
        <line num="6" count="5" type="stmt"/>
        <line num="10" count="2" type="cond" truecount="2" falsecount="0"/>
        <line num="15" count="1" type="stmt"/>
      </file>
    </metrics>
  </project>
</coverage>
